Drill report for ElectriPi.kicad_pcb
Created on Tuesday, February 06, 2024 at 11:39:33 PM

Copper Layer Stackup:
    =============================================================
    L1 :  F.Cu                      front
    L2 :  B.Cu                      back


Drill file 'ElectriPi-PTH.drl' contains
    plated through holes:
    =============================================================
    T1  0.300mm  0.0118"  (127 holes)
    T2  0.300mm  0.0118"  (4 holes)
    T3  1.000mm  0.0394"  (46 holes)
    T4  1.520mm  0.0598"  (2 holes)
    T5  1.780mm  0.0701"  (4 holes)
    T6  2.700mm  0.1063"  (4 holes)
    T7  3.500mm  0.1378"  (4 holes)

    Total plated holes count 191


Drill file 'ElectriPi-NPTH.drl' contains
    unplated through holes:
    =============================================================

    Total unplated holes count 0
